Determining if the pthread_create exist failed with the following output:
Change Dir: /home/manimoha/Documents/hobby/ros/hello_world/build/CMakeFiles/CMakeTmp

Run Build Command:"/usr/bin/make" "cmTC_58a1d/fast"
/usr/bin/make -f CMakeFiles/cmTC_58a1d.dir/build.make CMakeFiles/cmTC_58a1d.dir/build
make[1]: Entering directory '/home/manimoha/Documents/hobby/ros/hello_world/build/CMakeFiles/CMakeTmp'
Building C object CMakeFiles/cmTC_58a1d.dir/CheckSymbolExists.c.o
/usr/bin/cc    -o CMakeFiles/cmTC_58a1d.dir/CheckSymbolExists.c.o   -c /home/manimoha/Documents/hobby/ros/hello_world/build/CMakeFiles/CMakeTmp/CheckSymbolExists.c
Linking C executable cmTC_58a1d
/usr/local/bin/cmake -E cmake_link_script CMakeFiles/cmTC_58a1d.dir/link.txt --verbose=1
/usr/bin/cc      -rdynamic CMakeFiles/cmTC_58a1d.dir/CheckSymbolExists.c.o  -o cmTC_58a1d 
CMakeFiles/cmTC_58a1d.dir/CheckSymbolExists.c.o: In function `main':
CheckSymbolExists.c:(.text+0x16): undefined reference to `pthread_create'
collect2: error: ld returned 1 exit status
CMakeFiles/cmTC_58a1d.dir/build.make:97: recipe for target 'cmTC_58a1d' failed
make[1]: *** [cmTC_58a1d] Error 1
make[1]: Leaving directory '/home/manimoha/Documents/hobby/ros/hello_world/build/CMakeFiles/CMakeTmp'
Makefile:126: recipe for target 'cmTC_58a1d/fast' failed
make: *** [cmTC_58a1d/fast] Error 2

File /home/manimoha/Documents/hobby/ros/hello_world/build/CMakeFiles/CMakeTmp/CheckSymbolExists.c:
/* */
#include <pthread.h>

int main(int argc, char** argv)
{
  (void)argv;
#ifndef pthread_create
  return ((int*)(&pthread_create))[argc];
#else
  (void)argc;
  return 0;
#endif
}

Determining if the function pthread_create exists in the pthreads failed with the following output:
Change Dir: /home/manimoha/Documents/hobby/ros/hello_world/build/CMakeFiles/CMakeTmp

Run Build Command:"/usr/bin/make" "cmTC_8f21c/fast"
/usr/bin/make -f CMakeFiles/cmTC_8f21c.dir/build.make CMakeFiles/cmTC_8f21c.dir/build
make[1]: Entering directory '/home/manimoha/Documents/hobby/ros/hello_world/build/CMakeFiles/CMakeTmp'
Building C object CMakeFiles/cmTC_8f21c.dir/CheckFunctionExists.c.o
/usr/bin/cc   -DCHECK_FUNCTION_EXISTS=pthread_create   -o CMakeFiles/cmTC_8f21c.dir/CheckFunctionExists.c.o   -c /usr/local/share/cmake-3.10/Modules/CheckFunctionExists.c
Linking C executable cmTC_8f21c
/usr/local/bin/cmake -E cmake_link_script CMakeFiles/cmTC_8f21c.dir/link.txt --verbose=1
/usr/bin/cc  -DCHECK_FUNCTION_EXISTS=pthread_create    -rdynamic CMakeFiles/cmTC_8f21c.dir/CheckFunctionExists.c.o  -o cmTC_8f21c -lpthreads 
/usr/bin/ld: cannot find -lpthreads
collect2: error: ld returned 1 exit status
CMakeFiles/cmTC_8f21c.dir/build.make:97: recipe for target 'cmTC_8f21c' failed
make[1]: *** [cmTC_8f21c] Error 1
make[1]: Leaving directory '/home/manimoha/Documents/hobby/ros/hello_world/build/CMakeFiles/CMakeTmp'
Makefile:126: recipe for target 'cmTC_8f21c/fast' failed
make: *** [cmTC_8f21c/fast] Error 2


